Построение начато 26.12.2017 22:39:24.
     1>Проект "D:\Projects\Programming 2\haffman\haffman\haffman.vcxproj" в узле 2 (целевые объекты build).
     1>InitializeBuildStatus:
         Создание "Debug\haffman.unsuccessfulbuild", так как было задано "AlwaysCreate".
       ClCompile:
         C:\Program Files (x86)\Microsoft Visual Studio 10.0\VC\bin\CL.exe /c /ZI /nologo /W3 /WX- /Od /Oy- /D WIN32 /D _DEBUG /D _CONSOLE /D _UNICODE /D UNICODE /Gm /EHsc /RTC1 /MDd /GS /fp:precise /Zc:wchar_t /Zc:forScope /Fo"Debug\\" /Fd"Debug\vc100.pdb" /Gd /TP /analyze- /errorReport:prompt main.cpp
         main.cpp
     1>d:\projects\programming 2\haffman\haffman\main.cpp(92): warning C4996: 'scanf': This function or variable may be unsafe. Consider using scanf_s instead. To disable deprecation, use _CRT_SECURE_NO_WARNINGS. See online help for details.
                 c:\program files (x86)\microsoft visual studio 10.0\vc\include\stdio.h(304): см. объявление "scanf"
     1>d:\projects\programming 2\haffman\haffman\main.cpp(114): warning C4244: =: преобразование "unsigned __int64" в "int", возможна потеря данных
     1>d:\projects\programming 2\haffman\haffman\main.cpp(153): warning C4018: <: несоответствие типов со знаком и без знака
     1>d:\projects\programming 2\haffman\haffman\main.cpp(111): warning C4101: letter_amount: неиспользованная локальная переменная
       ManifestResourceCompile:
         Для всех выходных данных обновления не требуется.
       Link:
         C:\Program Files (x86)\Microsoft Visual Studio 10.0\VC\bin\link.exe /ERRORREPORT:PROMPT /OUT:"D:\Projects\Programming 2\haffman\Debug\haffman.exe" /INCREMENTAL /NOLOGO kernel32.lib user32.lib gdi32.lib winspool.lib comdlg32.lib advapi32.lib shell32.lib ole32.lib oleaut32.lib uuid.lib odbc32.lib odbccp32.lib /MANIFEST /ManifestFile:"Debug\haffman.exe.intermediate.manifest" /MANIFESTUAC:"level='asInvoker' uiAccess='false'" /DEBUG /PDB:"D:\Projects\Programming 2\haffman\Debug\haffman.pdb" /SUBSYSTEM:CONSOLE /TLBID:1 /DYNAMICBASE /NXCOMPAT /IMPLIB:"D:\Projects\Programming 2\haffman\Debug\haffman.lib" /MACHINE:X86 Debug\haffman.exe.embed.manifest.res
         Debug\main.obj
       Manifest:
         C:\Program Files (x86)\Microsoft SDKs\Windows\v7.0A\bin\mt.exe /nologo /verbose /out:"Debug\haffman.exe.embed.manifest" /manifest Debug\haffman.exe.intermediate.manifest
         Для всех выходных данных обновления не требуется.
       LinkEmbedManifest:
         Для всех выходных данных обновления не требуется.
         haffman.vcxproj -> D:\Projects\Programming 2\haffman\Debug\haffman.exe
       FinalizeBuildStatus:
         Файл "Debug\haffman.unsuccessfulbuild" удаляется.
         Обращение к "Debug\haffman.lastbuildstate".
     1>Построение проекта "D:\Projects\Programming 2\haffman\haffman\haffman.vcxproj" завершено (целевые объекты build).

Построение успешно завершено.

Затраченное время: 00:00:01.36
