Построение начато 29.05.2018 20:22:56.
     1>Проект "D:\Projects\Cesar'sShifr\Cesar'sShifr\Cesar'sShifr.vcxproj" в узле 2 (целевые объекты build).
     1>InitializeBuildStatus:
         Создание "Release\Cesar'sShifr.unsuccessfulbuild", так как было задано "AlwaysCreate".
       ClCompile:
         C:\Program Files (x86)\Microsoft Visual Studio 10.0\VC\bin\CL.exe /c /Zi /nologo /W3 /WX- /O2 /Oi /Oy- /GL /D WIN32 /D NDEBUG /D _CONSOLE /D _UNICODE /D UNICODE /Gm- /EHsc /MD /GS /Gy /fp:precise /Zc:wchar_t /Zc:forScope /Fo"Release\\" /Fd"Release\vc100.pdb" /Gd /TP /analyze- /errorReport:prompt "..\..\Cesar'sShifr\Cesar'sShifr\main.cpp"
         main.cpp
     1>..\..\Cesar'sShifr\Cesar'sShifr\main.cpp(39): warning C4996: 'getch': The POSIX name for this item is deprecated. Instead, use the ISO C++ conformant name: _getch. See online help for details.
                 C:\Program Files (x86)\Microsoft Visual Studio 10.0\VC\include\conio.h(128): см. объявление "getch"
     1>..\..\Cesar'sShifr\Cesar'sShifr\main.cpp(44): warning C4996: 'getch': The POSIX name for this item is deprecated. Instead, use the ISO C++ conformant name: _getch. See online help for details.
                 C:\Program Files (x86)\Microsoft Visual Studio 10.0\VC\include\conio.h(128): см. объявление "getch"
       Link:
         C:\Program Files (x86)\Microsoft Visual Studio 10.0\VC\bin\link.exe /ERRORREPORT:PROMPT /OUT:"D:\Projects\Cesar'sShifr\Release\Cesar'sShifr.exe" /INCREMENTAL:NO /NOLOGO kernel32.lib user32.lib gdi32.lib winspool.lib comdlg32.lib advapi32.lib shell32.lib ole32.lib oleaut32.lib uuid.lib odbc32.lib odbccp32.lib /MANIFEST /ManifestFile:"Release\Cesar'sShifr.exe.intermediate.manifest" /MANIFESTUAC:"level='asInvoker' uiAccess='false'" /DEBUG /PDB:"D:\Projects\Cesar'sShifr\Release\Cesar'sShifr.pdb" /SUBSYSTEM:CONSOLE /OPT:REF /OPT:ICF /LTCG /TLBID:1 /DYNAMICBASE /NXCOMPAT /IMPLIB:"D:\Projects\Cesar'sShifr\Release\Cesar'sShifr.lib" /MACHINE:X86 Release\main.obj
         Создание кода
         Создание кода завершено
         Cesar'sShifr.vcxproj -> D:\Projects\Cesar'sShifr\Release\Cesar'sShifr.exe
       Manifest:
         C:\Program Files (x86)\Microsoft SDKs\Windows\v7.0A\bin\mt.exe /nologo /verbose /outputresource:"D:\Projects\Cesar'sShifr\Release\Cesar'sShifr.exe;#1" /manifest "Release\Cesar'sShifr.exe.intermediate.manifest"
       FinalizeBuildStatus:
         Файл "Release\Cesar'sShifr.unsuccessfulbuild" удаляется.
         Обращение к "Release\Cesar'sShifr.lastbuildstate".
     1>Построение проекта "D:\Projects\Cesar'sShifr\Cesar'sShifr\Cesar'sShifr.vcxproj" завершено (целевые объекты build).

Построение успешно завершено.

Затраченное время: 00:00:01.04
