Построение начато 21.09.2017 18:15:50.
     1>Проект "D:\Projects\Cesar'sShifr\Cesar'sShifr\Cesar'sShifr.vcxproj" в узле 2 (целевые объекты build).
     1>InitializeBuildStatus:
         Создание "Debug\Cesar'sShifr.unsuccessfulbuild", так как было задано "AlwaysCreate".
       ClCompile:
         C:\Program Files (x86)\Microsoft Visual Studio 10.0\VC\bin\CL.exe /c /ZI /nologo /W3 /WX- /Od /Oy- /D WIN32 /D _DEBUG /D _CONSOLE /D _UNICODE /D UNICODE /Gm /EHsc /RTC1 /MDd /GS /fp:precise /Zc:wchar_t /Zc:forScope /Fo"Debug\\" /Fd"Debug\vc100.pdb" /Gd /TP /analyze- /errorReport:prompt "..\..\Cesar'sShifr\Cesar'sShifr\main.cpp"
         main.cpp
     1>d:\projects\cesar'sshifr\cesar'sshifr\main.cpp(24): warning C4996: 'getch': The POSIX name for this item is deprecated. Instead, use the ISO C++ conformant name: _getch. See online help for details.
                 c:\program files (x86)\microsoft visual studio 10.0\vc\include\conio.h(128): см. объявление "getch"
       ManifestResourceCompile:
         Для всех выходных данных обновления не требуется.
       Link:
         C:\Program Files (x86)\Microsoft Visual Studio 10.0\VC\bin\link.exe /ERRORREPORT:PROMPT /OUT:"D:\Projects\Cesar'sShifr\Debug\Cesar'sShifr.exe" /INCREMENTAL /NOLOGO kernel32.lib user32.lib gdi32.lib winspool.lib comdlg32.lib advapi32.lib shell32.lib ole32.lib oleaut32.lib uuid.lib odbc32.lib odbccp32.lib /MANIFEST /ManifestFile:"Debug\Cesar'sShifr.exe.intermediate.manifest" /MANIFESTUAC:"level='asInvoker' uiAccess='false'" /DEBUG /PDB:"D:\Projects\Cesar'sShifr\Debug\Cesar'sShifr.pdb" /SUBSYSTEM:CONSOLE /TLBID:1 /DYNAMICBASE /NXCOMPAT /IMPLIB:"D:\Projects\Cesar'sShifr\Debug\Cesar'sShifr.lib" /MACHINE:X86 "Debug\Cesar'sShifr.exe.embed.manifest.res"
         Debug\main.obj
       Manifest:
         C:\Program Files (x86)\Microsoft SDKs\Windows\v7.0A\bin\mt.exe /nologo /verbose /out:"Debug\Cesar'sShifr.exe.embed.manifest" /manifest "Debug\Cesar'sShifr.exe.intermediate.manifest"
         Для всех выходных данных обновления не требуется.
       LinkEmbedManifest:
         Для всех выходных данных обновления не требуется.
         Cesar'sShifr.vcxproj -> D:\Projects\Cesar'sShifr\Debug\Cesar'sShifr.exe
       FinalizeBuildStatus:
         Файл "Debug\Cesar'sShifr.unsuccessfulbuild" удаляется.
         Обращение к "Debug\Cesar'sShifr.lastbuildstate".
     1>Построение проекта "D:\Projects\Cesar'sShifr\Cesar'sShifr\Cesar'sShifr.vcxproj" завершено (целевые объекты build).

Построение успешно завершено.

Затраченное время: 00:00:00.67
