Построение начато 27.12.2017 20:05:45.
     1>Проект "D:\Projects\Programming 2\haffman\haffman\haffman.vcxproj" в узле 2 (целевые объекты build).
     1>InitializeBuildStatus:
         Создание "Release\haffman.unsuccessfulbuild", так как было задано "AlwaysCreate".
       ClCompile:
         C:\Program Files (x86)\Microsoft Visual Studio 10.0\VC\bin\CL.exe /c /Zi /nologo /W3 /WX- /O2 /Oi /Oy- /GL /D WIN32 /D NDEBUG /D _CONSOLE /D _UNICODE /D UNICODE /Gm- /EHsc /MD /GS /Gy /fp:precise /Zc:wchar_t /Zc:forScope /Fo"Release\\" /Fd"Release\vc100.pdb" /Gd /TP /analyze- /errorReport:prompt main.cpp
         main.cpp
     1>main.cpp(92): warning C4996: 'scanf': This function or variable may be unsafe. Consider using scanf_s instead. To disable deprecation, use _CRT_SECURE_NO_WARNINGS. See online help for details.
                 C:\Program Files (x86)\Microsoft Visual Studio 10.0\VC\include\stdio.h(304): см. объявление "scanf"
     1>main.cpp(114): warning C4244: =: преобразование "unsigned __int64" в "int", возможна потеря данных
     1>main.cpp(153): warning C4018: <: несоответствие типов со знаком и без знака
     1>main.cpp(111): warning C4101: letter_amount: неиспользованная локальная переменная
       Link:
         C:\Program Files (x86)\Microsoft Visual Studio 10.0\VC\bin\link.exe /ERRORREPORT:PROMPT /OUT:"D:\Projects\Programming 2\haffman\Release\haffman.exe" /INCREMENTAL:NO /NOLOGO kernel32.lib user32.lib gdi32.lib winspool.lib comdlg32.lib advapi32.lib shell32.lib ole32.lib oleaut32.lib uuid.lib odbc32.lib odbccp32.lib /MANIFEST /ManifestFile:"Release\haffman.exe.intermediate.manifest" /MANIFESTUAC:"level='asInvoker' uiAccess='false'" /DEBUG /PDB:"D:\Projects\Programming 2\haffman\Release\haffman.pdb" /SUBSYSTEM:CONSOLE /OPT:REF /OPT:ICF /LTCG /TLBID:1 /DYNAMICBASE /NXCOMPAT /IMPLIB:"D:\Projects\Programming 2\haffman\Release\haffman.lib" /MACHINE:X86 Release\main.obj
         Создание кода
         Создание кода завершено
         haffman.vcxproj -> D:\Projects\Programming 2\haffman\Release\haffman.exe
       Manifest:
         C:\Program Files (x86)\Microsoft SDKs\Windows\v7.0A\bin\mt.exe /nologo /verbose /outputresource:"D:\Projects\Programming 2\haffman\Release\haffman.exe;#1" /manifest Release\haffman.exe.intermediate.manifest
       FinalizeBuildStatus:
         Файл "Release\haffman.unsuccessfulbuild" удаляется.
         Обращение к "Release\haffman.lastbuildstate".
     1>Построение проекта "D:\Projects\Programming 2\haffman\haffman\haffman.vcxproj" завершено (целевые объекты build).

Построение успешно завершено.

Затраченное время: 00:00:01.94
